<?xml version="1.0" encoding="UTF-8"?>
<testng-results skipped="0" failed="0" ignored="0" total="1" passed="1">
  <reporter-output>
  </reporter-output>
  <suite name="Default suite" duration-ms="7870" started-at="2020-07-04T14:06:42 EDT" finished-at="2020-07-04T14:06:50 EDT">
    <groups>
    </groups>
    <test name="Default test" duration-ms="7870" started-at="2020-07-04T14:06:42 EDT" finished-at="2020-07-04T14:06:50 EDT">
      <class name="seleniumconcepts.CRMTest">
        <test-method status="PASS" signature="launchBrowser()[pri:0, instance:seleniumconcepts.CRMTest@276438c9]" name="launchBrowser" is-config="true" duration-ms="6884" started-at="2020-07-04T14:06:42 EDT" finished-at="2020-07-04T14:06:49 EDT">
          <reporter-output>
          </reporter-output>
        </test-method> <!-- launchBrowser -->
        <test-method status="PASS" signature="loginTest()[pri:0, instance:seleniumconcepts.CRMTest@276438c9]" name="loginTest" duration-ms="298" started-at="2020-07-04T14:06:49 EDT" finished-at="2020-07-04T14:06:49 EDT">
          <reporter-output>
          </reporter-output>
        </test-method> <!-- loginTest -->
        <test-method status="PASS" signature="tearDown()[pri:0, instance:seleniumconcepts.CRMTest@276438c9]" name="tearDown" is-config="true" duration-ms="655" started-at="2020-07-04T14:06:49 EDT" finished-at="2020-07-04T14:06:50 EDT">
          <reporter-output>
          </reporter-output>
        </test-method> <!-- tearDown -->
      </class> <!-- seleniumconcepts.CRMTest -->
    </test> <!-- Default test -->
  </suite> <!-- Default suite -->
</testng-results>
